[2017-06-18 22:19:20.678] [INFO] protractorLog4js - Testing Log4js Customer Button Click
[2017-06-19 09:01:51.998] [INFO] protractorLog4js - ------------LAUNCHED URL-----------------------------------------
[2017-06-19 09:01:59.954] [INFO] protractorLog4js - ------------FIRST IT START-----------------------------------------
[2017-06-19 09:01:59.963] [INFO] protractorLog4js - ------------FIRST IT END-----------------------------------------
[2017-06-19 09:02:01.005] [INFO] protractorLog4js - ------------Secound IT START-----------------------------------------
[2017-06-19 09:02:01.005] [INFO] protractorLog4js - Testing Log4js Customer Button Click
[2017-06-19 09:02:01.005] [INFO] protractorLog4js - Testing Log4js Selected Name from DropDown
[2017-06-19 09:02:01.026] [INFO] protractorLog4js - ------------Secound IT END-----------------------------------------
[2017-06-19 09:02:03.210] [INFO] protractorLog4js - ------------DEposit Amount Test Started -----------------------------------------
[2017-06-19 09:02:03.210] [INFO] protractorLog4js - ------------DEposit Amount Test End -----------------------------------------
[2017-06-19 09:02:03.210] [ERROR] protractorLog4js - ------------DEposit Amount eror MESG -----------------------------------------
[2017-06-19 09:02:03.210] [WARN] protractorLog4js - ------------DEposit Amount WARN MESG -----------------------------------------
[2017-06-19 09:03:15.220] [INFO] protractorLog4js - ------------LAUNCHED URL-----------------------------------------
[2017-06-19 09:03:23.099] [INFO] protractorLog4js - ------------FIRST IT START-----------------------------------------
[2017-06-19 09:03:23.109] [INFO] protractorLog4js - ------------FIRST IT END-----------------------------------------
[2017-06-19 09:03:24.705] [INFO] protractorLog4js - ------------Secound IT START-----------------------------------------
[2017-06-19 09:03:24.706] [INFO] protractorLog4js - Testing Log4js Customer Button Click
[2017-06-19 09:03:24.709] [INFO] protractorLog4js - Testing Log4js Selected Name from DropDown
[2017-06-19 09:03:24.716] [INFO] protractorLog4js - ------------Secound IT END-----------------------------------------
[2017-06-19 09:03:25.982] [INFO] protractorLog4js - ------------DEposit Amount Test Started -----------------------------------------
[2017-06-19 09:03:25.982] [INFO] protractorLog4js - ------------DEposit Amount Test End -----------------------------------------
[2017-06-19 09:03:25.982] [ERROR] protractorLog4js - ------------DEposit Amount eror MESG -----------------------------------------
[2017-06-19 09:03:25.982] [WARN] protractorLog4js - ------------DEposit Amount WARN MESG -----------------------------------------
